<?xml version="1.0" encoding="UTF-8"?>
<testng-results ignored="0" total="1" passed="1" failed="0" skipped="0">
  <reporter-output>
  </reporter-output>
  <suite started-at="2023-03-04T22:26:30 PST" name="Default suite" finished-at="2023-03-04T22:26:43 PST" duration-ms="12695">
    <groups>
      <group name="cucumber">
        <method signature="AbstractTestNGCucumberTests.runScenario(io.cucumber.testng.PickleWrapper,io.cucumber.testng.FeatureWrapper)[pri:0, instance:com.runners.Salesforce_Cucumber_runner@3ce1e309]" name="runScenario" class="io.cucumber.testng.AbstractTestNGCucumberTests"/>
      </group> <!-- cucumber -->
    </groups>
    <test started-at="2023-03-04T22:26:30 PST" name="Default test" finished-at="2023-03-04T22:26:43 PST" duration-ms="12695">
      <class name="com.runners.Salesforce_Cucumber_runner">
        <test-method is-config="true" signature="setUpClass(org.testng.ITestContext)[pri:0, instance:com.runners.Salesforce_Cucumber_runner@3ce1e309]" started-at="2023-03-04T22:26:30 PST" name="setUpClass" finished-at="2023-03-04T22:26:31 PST" duration-ms="360" status="PASS">
          <params>
            <param index="0">
              <value>
                <![CDATA[org.testng.TestRunner@4b5a078a]]>
              </value>
            </param>
          </params>
          <reporter-output>
          </reporter-output>
        </test-method> <!-- setUpClass -->
        <test-method signature="runScenario(io.cucumber.testng.PickleWrapper,io.cucumber.testng.FeatureWrapper)[pri:0, instance:com.runners.Salesforce_Cucumber_runner@3ce1e309]" started-at="2023-03-04T22:26:31 PST" name="runScenario" description="Runs Cucumber Scenarios" data-provider="scenarios" finished-at="2023-03-04T22:26:43 PST" duration-ms="12271" status="PASS">
          <params>
            <param index="0">
              <value>
                <![CDATA["login with valid  credentials"]]>
              </value>
            </param>
            <param index="1">
              <value>
                <![CDATA["login functionality"]]>
              </value>
            </param>
          </params>
          <reporter-output>
          </reporter-output>
        </test-method> <!-- runScenario -->
        <test-method is-config="true" signature="tearDownClass()[pri:0, instance:com.runners.Salesforce_Cucumber_runner@3ce1e309]" started-at="2023-03-04T22:26:43 PST" name="tearDownClass" finished-at="2023-03-04T22:26:43 PST" duration-ms="44" status="PASS">
          <reporter-output>
          </reporter-output>
        </test-method> <!-- tearDownClass -->
      </class> <!-- com.runners.Salesforce_Cucumber_runner -->
    </test> <!-- Default test -->
  </suite> <!-- Default suite -->
</testng-results>
